{"C:\\Users\\robin\\Desktop\\Proyectos-github\\social-app\\back-twitter\\src\\app.ts": {"path":"C:\\Users\\robin\\Desktop\\Proyectos-github\\social-app\\back-twitter\\src\\app.ts","statementMap":{"0":{"start":{"line":1,"column":0},"end":{"line":1,"column":29}},"1":{"start":{"line":2,"column":0},"end":{"line":2,"column":27}},"2":{"start":{"line":3,"column":0},"end":{"line":3,"column":23}},"3":{"start":{"line":4,"column":0},"end":{"line":4,"column":43}},"4":{"start":{"line":5,"column":0},"end":{"line":5,"column":46}},"5":{"start":{"line":8,"column":0},"end":{"line":8,"column":null}},"6":{"start":{"line":10,"column":13},"end":{"line":10,"column":null}},"7":{"start":{"line":11,"column":13},"end":{"line":11,"column":37}},"8":{"start":{"line":12,"column":13},"end":{"line":12,"column":null}},"9":{"start":{"line":14,"column":0},"end":{"line":14,"column":null}},"10":{"start":{"line":18,"column":0},"end":{"line":20,"column":null}},"11":{"start":{"line":19,"column":1},"end":{"line":19,"column":null}},"12":{"start":{"line":22,"column":0},"end":{"line":22,"column":29}},"13":{"start":{"line":23,"column":0},"end":{"line":23,"column":null}},"14":{"start":{"line":25,"column":0},"end":{"line":25,"column":null}},"15":{"start":{"line":25,"column":26},"end":{"line":25,"column":76}}},"fnMap":{"0":{"name":"(anonymous_1)","decl":{"start":{"line":18,"column":17},"end":{"line":18,"column":18}},"loc":{"start":{"line":18,"column":30},"end":{"line":20,"column":1}}},"1":{"name":"(anonymous_2)","decl":{"start":{"line":25,"column":20},"end":{"line":25,"column":23}},"loc":{"start":{"line":25,"column":26},"end":{"line":25,"column":76}}}},"branchMap":{"0":{"loc":{"start":{"line":11,"column":13},"end":{"line":11,"column":37}},"type":"binary-expr","locations":[{"start":{"line":11,"column":13},"end":{"line":11,"column":29}},{"start":{"line":11,"column":33},"end":{"line":11,"column":37}}]}},"s":{"0":1,"1":1,"2":1,"3":1,"4":1,"5":1,"6":1,"7":1,"8":1,"9":1,"10":1,"11":0,"12":1,"13":1,"14":1,"15":1},"f":{"0":0,"1":1},"b":{"0":[1,0]}}
,"C:\\Users\\robin\\Desktop\\Proyectos-github\\social-app\\back-twitter\\src\\adapters\\email.ts": {"path":"C:\\Users\\robin\\Desktop\\Proyectos-github\\social-app\\back-twitter\\src\\adapters\\email.ts","statementMap":{"0":{"start":{"line":1,"column":0},"end":{"line":1,"column":35}},"1":{"start":{"line":2,"column":0},"end":{"line":2,"column":27}},"2":{"start":{"line":3,"column":0},"end":{"line":3,"column":null}},"3":{"start":{"line":5,"column":35},"end":{"line":254,"column":5}},"4":{"start":{"line":7,"column":4},"end":{"line":7,"column":41}},"5":{"start":{"line":9,"column":22},"end":{"line":15,"column":8}},"6":{"start":{"line":17,"column":19},"end":{"line":250,"column":8}},"7":{"start":{"line":252,"column":6},"end":{"line":252,"column":54}},"8":{"start":{"line":253,"column":6},"end":{"line":253,"column":73}},"9":{"start":{"line":5,"column":13},"end":{"line":5,"column":35}}},"fnMap":{"0":{"name":"(anonymous_1)","decl":{"start":{"line":5,"column":35},"end":{"line":5,"column":40}},"loc":{"start":{"line":5,"column":65},"end":{"line":254,"column":5}}}},"branchMap":{},"s":{"0":1,"1":1,"2":1,"3":1,"4":1,"5":0,"6":0,"7":0,"8":0,"9":1},"f":{"0":1},"b":{}}
,"C:\\Users\\robin\\Desktop\\Proyectos-github\\social-app\\back-twitter\\src\\auth\\auth.controller.ts": {"path":"C:\\Users\\robin\\Desktop\\Proyectos-github\\social-app\\back-twitter\\src\\auth\\auth.controller.ts","statementMap":{"0":{"start":{"line":1,"column":0},"end":{"line":1,"column":30}},"1":{"start":{"line":3,"column":0},"end":{"line":3,"column":122}},"2":{"start":{"line":4,"column":0},"end":{"line":4,"column":71}},"3":{"start":{"line":5,"column":0},"end":{"line":5,"column":98}},"4":{"start":{"line":7,"column":0},"end":{"line":7,"column":55}},"5":{"start":{"line":8,"column":0},"end":{"line":8,"column":42}},"6":{"start":{"line":11,"column":28},"end":{"line":34,"column":1}},"7":{"start":{"line":13,"column":4},"end":{"line":32,"column":null}},"8":{"start":{"line":15,"column":21},"end":{"line":15,"column":65}},"9":{"start":{"line":16,"column":8},"end":{"line":27,"column":null}},"10":{"start":{"line":17,"column":12},"end":{"line":17,"column":null}},"11":{"start":{"line":18,"column":12},"end":{"line":18,"column":null}},"12":{"start":{"line":19,"column":33},"end":{"line":19,"column":58}},"13":{"start":{"line":21,"column":12},"end":{"line":21,"column":null}},"14":{"start":{"line":23,"column":12},"end":{"line":23,"column":null}},"15":{"start":{"line":24,"column":12},"end":{"line":24,"column":32}},"16":{"start":{"line":26,"column":12},"end":{"line":26,"column":null}},"17":{"start":{"line":30,"column":8},"end":{"line":30,"column":null}},"18":{"start":{"line":31,"column":8},"end":{"line":31,"column":null}},"19":{"start":{"line":11,"column":13},"end":{"line":11,"column":28}},"20":{"start":{"line":36,"column":33},"end":{"line":49,"column":1}},"21":{"start":{"line":38,"column":22},"end":{"line":38,"column":37}},"22":{"start":{"line":39,"column":21},"end":{"line":39,"column":57}},"23":{"start":{"line":40,"column":4},"end":{"line":47,"column":null}},"24":{"start":{"line":42,"column":8},"end":{"line":42,"column":null}},"25":{"start":{"line":43,"column":8},"end":{"line":43,"column":null}},"26":{"start":{"line":44,"column":8},"end":{"line":44,"column":null}},"27":{"start":{"line":46,"column":8},"end":{"line":46,"column":null}},"28":{"start":{"line":36,"column":13},"end":{"line":36,"column":33}},"29":{"start":{"line":52,"column":25},"end":{"line":65,"column":1}},"30":{"start":{"line":53,"column":30},"end":{"line":53,"column":38}},"31":{"start":{"line":55,"column":17},"end":{"line":55,"column":88}},"32":{"start":{"line":57,"column":4},"end":{"line":63,"column":null}},"33":{"start":{"line":59,"column":22},"end":{"line":59,"column":61}},"34":{"start":{"line":60,"column":8},"end":{"line":60,"column":null}},"35":{"start":{"line":62,"column":8},"end":{"line":62,"column":null}},"36":{"start":{"line":52,"column":13},"end":{"line":52,"column":25}}},"fnMap":{"0":{"name":"(anonymous_1)","decl":{"start":{"line":11,"column":28},"end":{"line":11,"column":33}},"loc":{"start":{"line":11,"column":86},"end":{"line":34,"column":1}}},"1":{"name":"(anonymous_2)","decl":{"start":{"line":36,"column":33},"end":{"line":36,"column":38}},"loc":{"start":{"line":36,"column":95},"end":{"line":49,"column":1}}},"2":{"name":"(anonymous_3)","decl":{"start":{"line":52,"column":25},"end":{"line":52,"column":30}},"loc":{"start":{"line":52,"column":82},"end":{"line":65,"column":1}}}},"branchMap":{"0":{"loc":{"start":{"line":16,"column":8},"end":{"line":27,"column":null}},"type":"if","locations":[{"start":{"line":16,"column":8},"end":{"line":27,"column":null}},{"start":{"line":25,"column":13},"end":{"line":27,"column":null}}]},"1":{"loc":{"start":{"line":40,"column":4},"end":{"line":47,"column":null}},"type":"if","locations":[{"start":{"line":40,"column":4},"end":{"line":47,"column":null}},{"start":{"line":45,"column":9},"end":{"line":47,"column":null}}]},"2":{"loc":{"start":{"line":57,"column":4},"end":{"line":63,"column":null}},"type":"if","locations":[{"start":{"line":57,"column":4},"end":{"line":63,"column":null}},{"start":{"line":61,"column":9},"end":{"line":63,"column":null}}]}},"s":{"0":1,"1":1,"2":1,"3":1,"4":1,"5":1,"6":1,"7":1,"8":1,"9":1,"10":1,"11":1,"12":1,"13":1,"14":1,"15":1,"16":0,"17":0,"18":0,"19":1,"20":1,"21":0,"22":0,"23":0,"24":0,"25":0,"26":0,"27":0,"28":1,"29":1,"30":0,"31":0,"32":0,"33":0,"34":0,"35":0,"36":1},"f":{"0":1,"1":0,"2":0},"b":{"0":[1,0],"1":[0,0],"2":[0,0]}}
,"C:\\Users\\robin\\Desktop\\Proyectos-github\\social-app\\back-twitter\\src\\auth\\auth.middleware.ts": {"path":"C:\\Users\\robin\\Desktop\\Proyectos-github\\social-app\\back-twitter\\src\\auth\\auth.middleware.ts","statementMap":{"0":{"start":{"line":2,"column":0},"end":{"line":2,"column":49}},"1":{"start":{"line":4,"column":0},"end":{"line":4,"column":30}},"2":{"start":{"line":5,"column":0},"end":{"line":5,"column":40}},"3":{"start":{"line":7,"column":28},"end":{"line":13,"column":1}},"4":{"start":{"line":8,"column":4},"end":{"line":12,"column":null}},"5":{"start":{"line":9,"column":8},"end":{"line":9,"column":null}},"6":{"start":{"line":11,"column":8},"end":{"line":11,"column":null}},"7":{"start":{"line":7,"column":13},"end":{"line":7,"column":28}},"8":{"start":{"line":15,"column":28},"end":{"line":26,"column":1}},"9":{"start":{"line":16,"column":4},"end":{"line":25,"column":null}},"10":{"start":{"line":17,"column":21},"end":{"line":17,"column":48}},"11":{"start":{"line":18,"column":22},"end":{"line":18,"column":40}},"12":{"start":{"line":19,"column":28},"end":{"line":19,"column":56}},"13":{"start":{"line":20,"column":8},"end":{"line":20,"column":null}},"14":{"start":{"line":21,"column":8},"end":{"line":21,"column":null}},"15":{"start":{"line":23,"column":8},"end":{"line":23,"column":null}},"16":{"start":{"line":24,"column":8},"end":{"line":24,"column":null}},"17":{"start":{"line":15,"column":13},"end":{"line":15,"column":28}}},"fnMap":{"0":{"name":"(anonymous_7)","decl":{"start":{"line":7,"column":28},"end":{"line":7,"column":29}},"loc":{"start":{"line":7,"column":76},"end":{"line":13,"column":1}}},"1":{"name":"(anonymous_8)","decl":{"start":{"line":15,"column":28},"end":{"line":15,"column":29}},"loc":{"start":{"line":15,"column":72},"end":{"line":26,"column":1}}}},"branchMap":{"0":{"loc":{"start":{"line":8,"column":4},"end":{"line":12,"column":null}},"type":"if","locations":[{"start":{"line":8,"column":4},"end":{"line":12,"column":null}},{"start":{"line":10,"column":9},"end":{"line":12,"column":null}}]}},"s":{"0":1,"1":1,"2":1,"3":1,"4":1,"5":1,"6":0,"7":1,"8":1,"9":0,"10":0,"11":0,"12":0,"13":0,"14":0,"15":0,"16":0,"17":1},"f":{"0":1,"1":0},"b":{"0":[1,0]}}
,"C:\\Users\\robin\\Desktop\\Proyectos-github\\social-app\\back-twitter\\src\\auth\\auth.model.ts": {"path":"C:\\Users\\robin\\Desktop\\Proyectos-github\\social-app\\back-twitter\\src\\auth\\auth.model.ts","statementMap":{"0":{"start":{"line":1,"column":0},"end":{"line":1,"column":38}},"1":{"start":{"line":2,"column":0},"end":{"line":2,"column":27}},"2":{"start":{"line":3,"column":0},"end":{"line":3,"column":null}},"3":{"start":{"line":5,"column":23},"end":{"line":5,"column":48}},"4":{"start":{"line":6,"column":22},"end":{"line":6,"column":46}},"5":{"start":{"line":8,"column":15},"end":{"line":8,"column":56}},"6":{"start":{"line":9,"column":22},"end":{"line":9,"column":86}},"7":{"start":{"line":10,"column":24},"end":{"line":10,"column":98}},"8":{"start":{"line":12,"column":37},"end":{"line":26,"column":1}},"9":{"start":{"line":13,"column":4},"end":{"line":25,"column":null}},"10":{"start":{"line":14,"column":8},"end":{"line":14,"column":null}},"11":{"start":{"line":15,"column":19},"end":{"line":15,"column":43}},"12":{"start":{"line":16,"column":23},"end":{"line":16,"column":53}},"13":{"start":{"line":17,"column":8},"end":{"line":20,"column":11}},"14":{"start":{"line":22,"column":8},"end":{"line":22,"column":null}},"15":{"start":{"line":24,"column":7},"end":{"line":24,"column":null}},"16":{"start":{"line":12,"column":13},"end":{"line":12,"column":37}},"17":{"start":{"line":30,"column":39},"end":{"line":41,"column":1}},"18":{"start":{"line":31,"column":4},"end":{"line":40,"column":null}},"19":{"start":{"line":32,"column":8},"end":{"line":32,"column":null}},"20":{"start":{"line":33,"column":19},"end":{"line":33,"column":43}},"21":{"start":{"line":34,"column":23},"end":{"line":34,"column":53}},"22":{"start":{"line":35,"column":8},"end":{"line":35,"column":45}},"23":{"start":{"line":37,"column":8},"end":{"line":37,"column":null}},"24":{"start":{"line":39,"column":8},"end":{"line":39,"column":null}},"25":{"start":{"line":30,"column":13},"end":{"line":30,"column":39}},"26":{"start":{"line":45,"column":37},"end":{"line":56,"column":1}},"27":{"start":{"line":46,"column":4},"end":{"line":55,"column":null}},"28":{"start":{"line":47,"column":8},"end":{"line":47,"column":null}},"29":{"start":{"line":48,"column":19},"end":{"line":48,"column":43}},"30":{"start":{"line":49,"column":23},"end":{"line":49,"column":53}},"31":{"start":{"line":50,"column":8},"end":{"line":50,"column":47}},"32":{"start":{"line":52,"column":8},"end":{"line":52,"column":null}},"33":{"start":{"line":54,"column":8},"end":{"line":54,"column":null}},"34":{"start":{"line":45,"column":13},"end":{"line":45,"column":37}}},"fnMap":{"0":{"name":"(anonymous_1)","decl":{"start":{"line":12,"column":37},"end":{"line":12,"column":42}},"loc":{"start":{"line":12,"column":72},"end":{"line":26,"column":1}}},"1":{"name":"(anonymous_2)","decl":{"start":{"line":30,"column":39},"end":{"line":30,"column":44}},"loc":{"start":{"line":30,"column":61},"end":{"line":41,"column":1}}},"2":{"name":"(anonymous_3)","decl":{"start":{"line":45,"column":37},"end":{"line":45,"column":42}},"loc":{"start":{"line":45,"column":59},"end":{"line":56,"column":1}}}},"branchMap":{"0":{"loc":{"start":{"line":9,"column":22},"end":{"line":9,"column":86}},"type":"cond-expr","locations":[{"start":{"line":9,"column":56},"end":{"line":9,"column":70}},{"start":{"line":9,"column":73},"end":{"line":9,"column":86}}]},"1":{"loc":{"start":{"line":10,"column":24},"end":{"line":10,"column":98}},"type":"cond-expr","locations":[{"start":{"line":10,"column":58},"end":{"line":10,"column":79}},{"start":{"line":10,"column":82},"end":{"line":10,"column":98}}]}},"s":{"0":1,"1":1,"2":1,"3":1,"4":1,"5":1,"6":1,"7":1,"8":1,"9":1,"10":1,"11":1,"12":1,"13":1,"14":0,"15":1,"16":1,"17":1,"18":0,"19":0,"20":0,"21":0,"22":0,"23":0,"24":0,"25":1,"26":1,"27":0,"28":0,"29":0,"30":0,"31":0,"32":0,"33":0,"34":1},"f":{"0":1,"1":0,"2":0},"b":{"0":[1,0],"1":[1,0]}}
,"C:\\Users\\robin\\Desktop\\Proyectos-github\\social-app\\back-twitter\\src\\auth\\auth.router.ts": {"path":"C:\\Users\\robin\\Desktop\\Proyectos-github\\social-app\\back-twitter\\src\\auth\\auth.router.ts","statementMap":{"0":{"start":{"line":2,"column":0},"end":{"line":2,"column":30}},"1":{"start":{"line":3,"column":0},"end":{"line":3,"column":79}},"2":{"start":{"line":4,"column":0},"end":{"line":4,"column":49}},"3":{"start":{"line":6,"column":15},"end":{"line":6,"column":31}},"4":{"start":{"line":8,"column":0},"end":{"line":8,"column":null}},"5":{"start":{"line":10,"column":0},"end":{"line":10,"column":null}},"6":{"start":{"line":12,"column":0},"end":{"line":12,"column":null}},"7":{"start":{"line":14,"column":0},"end":{"line":14,"column":null}}},"fnMap":{},"branchMap":{},"s":{"0":1,"1":1,"2":1,"3":1,"4":1,"5":1,"6":1,"7":1},"f":{},"b":{}}
,"C:\\Users\\robin\\Desktop\\Proyectos-github\\social-app\\back-twitter\\src\\auth\\auth.secret.ts": {"path":"C:\\Users\\robin\\Desktop\\Proyectos-github\\social-app\\back-twitter\\src\\auth\\auth.secret.ts","statementMap":{"0":{"start":{"line":1,"column":0},"end":{"line":1,"column":27}},"1":{"start":{"line":2,"column":0},"end":{"line":2,"column":null}},"2":{"start":{"line":4,"column":13},"end":{"line":4,"column":null}}},"fnMap":{},"branchMap":{},"s":{"0":1,"1":1,"2":1},"f":{},"b":{}}
,"C:\\Users\\robin\\Desktop\\Proyectos-github\\social-app\\back-twitter\\src\\auth\\auth.utils.ts": {"path":"C:\\Users\\robin\\Desktop\\Proyectos-github\\social-app\\back-twitter\\src\\auth\\auth.utils.ts","statementMap":{"0":{"start":{"line":1,"column":0},"end":{"line":1,"column":27}},"1":{"start":{"line":2,"column":0},"end":{"line":2,"column":27}},"2":{"start":{"line":3,"column":0},"end":{"line":3,"column":null}},"3":{"start":{"line":5,"column":30},"end":{"line":7,"column":1}},"4":{"start":{"line":6,"column":4},"end":{"line":6,"column":95}},"5":{"start":{"line":5,"column":13},"end":{"line":5,"column":30}},"6":{"start":{"line":9,"column":39},"end":{"line":11,"column":1}},"7":{"start":{"line":10,"column":4},"end":{"line":10,"column":null}},"8":{"start":{"line":9,"column":13},"end":{"line":9,"column":39}}},"fnMap":{"0":{"name":"(anonymous_1)","decl":{"start":{"line":5,"column":30},"end":{"line":5,"column":31}},"loc":{"start":{"line":5,"column":46},"end":{"line":7,"column":1}}},"1":{"name":"(anonymous_2)","decl":{"start":{"line":9,"column":39},"end":{"line":9,"column":42}},"loc":{"start":{"line":9,"column":44},"end":{"line":11,"column":1}}}},"branchMap":{},"s":{"0":1,"1":1,"2":1,"3":1,"4":1,"5":1,"6":1,"7":1,"8":1},"f":{"0":1,"1":1},"b":{}}
,"C:\\Users\\robin\\Desktop\\Proyectos-github\\social-app\\back-twitter\\src\\users\\users.controller.ts": {"path":"C:\\Users\\robin\\Desktop\\Proyectos-github\\social-app\\back-twitter\\src\\users\\users.controller.ts","statementMap":{"0":{"start":{"line":2,"column":0},"end":{"line":2,"column":64}},"1":{"start":{"line":4,"column":31},"end":{"line":7,"column":1}},"2":{"start":{"line":5,"column":17},"end":{"line":5,"column":41}},"3":{"start":{"line":6,"column":4},"end":{"line":6,"column":null}},"4":{"start":{"line":4,"column":13},"end":{"line":4,"column":31}},"5":{"start":{"line":9,"column":34},"end":{"line":12,"column":1}},"6":{"start":{"line":10,"column":17},"end":{"line":10,"column":39}},"7":{"start":{"line":11,"column":4},"end":{"line":11,"column":null}},"8":{"start":{"line":9,"column":13},"end":{"line":9,"column":34}}},"fnMap":{"0":{"name":"(anonymous_0)","decl":{"start":{"line":4,"column":31},"end":{"line":4,"column":36}},"loc":{"start":{"line":4,"column":79},"end":{"line":7,"column":1}}},"1":{"name":"(anonymous_1)","decl":{"start":{"line":9,"column":34},"end":{"line":9,"column":39}},"loc":{"start":{"line":9,"column":82},"end":{"line":12,"column":1}}}},"branchMap":{},"s":{"0":1,"1":1,"2":0,"3":0,"4":1,"5":1,"6":1,"7":1,"8":1},"f":{"0":0,"1":1},"b":{}}
,"C:\\Users\\robin\\Desktop\\Proyectos-github\\social-app\\back-twitter\\src\\users\\users.model.ts": {"path":"C:\\Users\\robin\\Desktop\\Proyectos-github\\social-app\\back-twitter\\src\\users\\users.model.ts","statementMap":{"0":{"start":{"line":1,"column":0},"end":{"line":1,"column":35}},"1":{"start":{"line":2,"column":0},"end":{"line":2,"column":27}},"2":{"start":{"line":5,"column":0},"end":{"line":5,"column":null}},"3":{"start":{"line":7,"column":23},"end":{"line":7,"column":48}},"4":{"start":{"line":8,"column":22},"end":{"line":8,"column":46}},"5":{"start":{"line":10,"column":13},"end":{"line":10,"column":null}},"6":{"start":{"line":11,"column":22},"end":{"line":11,"column":86}},"7":{"start":{"line":12,"column":24},"end":{"line":12,"column":80}},"8":{"start":{"line":14,"column":26},"end":{"line":25,"column":1}},"9":{"start":{"line":15,"column":4},"end":{"line":24,"column":null}},"10":{"start":{"line":16,"column":8},"end":{"line":16,"column":null}},"11":{"start":{"line":17,"column":19},"end":{"line":17,"column":43}},"12":{"start":{"line":18,"column":22},"end":{"line":18,"column":52}},"13":{"start":{"line":19,"column":8},"end":{"line":19,"column":43}},"14":{"start":{"line":21,"column":8},"end":{"line":21,"column":null}},"15":{"start":{"line":23,"column":7},"end":{"line":23,"column":null}},"16":{"start":{"line":14,"column":13},"end":{"line":14,"column":26}},"17":{"start":{"line":27,"column":38},"end":{"line":38,"column":1}},"18":{"start":{"line":28,"column":4},"end":{"line":37,"column":null}},"19":{"start":{"line":29,"column":8},"end":{"line":29,"column":null}},"20":{"start":{"line":30,"column":19},"end":{"line":30,"column":43}},"21":{"start":{"line":31,"column":22},"end":{"line":31,"column":52}},"22":{"start":{"line":32,"column":8},"end":{"line":32,"column":46}},"23":{"start":{"line":34,"column":8},"end":{"line":34,"column":null}},"24":{"start":{"line":36,"column":8},"end":{"line":36,"column":null}},"25":{"start":{"line":27,"column":13},"end":{"line":27,"column":38}},"26":{"start":{"line":41,"column":28},"end":{"line":58,"column":1}},"27":{"start":{"line":42,"column":4},"end":{"line":57,"column":null}},"28":{"start":{"line":43,"column":8},"end":{"line":43,"column":31}},"29":{"start":{"line":44,"column":19},"end":{"line":44,"column":43}},"30":{"start":{"line":45,"column":22},"end":{"line":45,"column":52}},"31":{"start":{"line":47,"column":26},"end":{"line":51,"column":10}},"32":{"start":{"line":52,"column":8},"end":{"line":52,"column":59}},"33":{"start":{"line":54,"column":8},"end":{"line":54,"column":27}},"34":{"start":{"line":56,"column":7},"end":{"line":56,"column":28}},"35":{"start":{"line":41,"column":13},"end":{"line":41,"column":28}},"36":{"start":{"line":60,"column":49},"end":{"line":76,"column":1}},"37":{"start":{"line":61,"column":4},"end":{"line":75,"column":null}},"38":{"start":{"line":62,"column":8},"end":{"line":62,"column":31}},"39":{"start":{"line":63,"column":19},"end":{"line":63,"column":43}},"40":{"start":{"line":64,"column":22},"end":{"line":64,"column":52}},"41":{"start":{"line":65,"column":22},"end":{"line":69,"column":null}},"42":{"start":{"line":70,"column":8},"end":{"line":70,"column":42}},"43":{"start":{"line":72,"column":8},"end":{"line":72,"column":27}},"44":{"start":{"line":74,"column":7},"end":{"line":74,"column":28}},"45":{"start":{"line":60,"column":13},"end":{"line":60,"column":49}},"46":{"start":{"line":78,"column":39},"end":{"line":91,"column":1}},"47":{"start":{"line":79,"column":4},"end":{"line":90,"column":null}},"48":{"start":{"line":80,"column":8},"end":{"line":80,"column":31}},"49":{"start":{"line":81,"column":19},"end":{"line":81,"column":43}},"50":{"start":{"line":82,"column":22},"end":{"line":82,"column":52}},"51":{"start":{"line":83,"column":22},"end":{"line":83,"column":31}},"52":{"start":{"line":84,"column":24},"end":{"line":84,"column":50}},"53":{"start":{"line":85,"column":8},"end":{"line":85,"column":50}},"54":{"start":{"line":87,"column":8},"end":{"line":87,"column":27}},"55":{"start":{"line":89,"column":7},"end":{"line":89,"column":28}},"56":{"start":{"line":78,"column":13},"end":{"line":78,"column":39}},"57":{"start":{"line":93,"column":32},"end":{"line":105,"column":1}},"58":{"start":{"line":94,"column":4},"end":{"line":104,"column":null}},"59":{"start":{"line":95,"column":8},"end":{"line":95,"column":31}},"60":{"start":{"line":96,"column":19},"end":{"line":96,"column":43}},"61":{"start":{"line":97,"column":22},"end":{"line":97,"column":52}},"62":{"start":{"line":98,"column":24},"end":{"line":98,"column":50}},"63":{"start":{"line":99,"column":8},"end":{"line":99,"column":54}},"64":{"start":{"line":101,"column":8},"end":{"line":101,"column":54}},"65":{"start":{"line":103,"column":7},"end":{"line":103,"column":28}},"66":{"start":{"line":93,"column":13},"end":{"line":93,"column":32}},"67":{"start":{"line":107,"column":30},"end":{"line":118,"column":1}},"68":{"start":{"line":108,"column":4},"end":{"line":117,"column":null}},"69":{"start":{"line":109,"column":8},"end":{"line":109,"column":31}},"70":{"start":{"line":110,"column":19},"end":{"line":110,"column":43}},"71":{"start":{"line":111,"column":22},"end":{"line":111,"column":52}},"72":{"start":{"line":112,"column":8},"end":{"line":112,"column":null}},"73":{"start":{"line":114,"column":8},"end":{"line":114,"column":54}},"74":{"start":{"line":116,"column":7},"end":{"line":116,"column":28}},"75":{"start":{"line":107,"column":13},"end":{"line":107,"column":30}}},"fnMap":{"0":{"name":"(anonymous_1)","decl":{"start":{"line":14,"column":26},"end":{"line":14,"column":31}},"loc":{"start":{"line":14,"column":50},"end":{"line":25,"column":1}}},"1":{"name":"(anonymous_2)","decl":{"start":{"line":27,"column":38},"end":{"line":27,"column":43}},"loc":{"start":{"line":27,"column":61},"end":{"line":38,"column":1}}},"2":{"name":"(anonymous_3)","decl":{"start":{"line":41,"column":28},"end":{"line":41,"column":33}},"loc":{"start":{"line":41,"column":51},"end":{"line":58,"column":1}}},"3":{"name":"(anonymous_4)","decl":{"start":{"line":60,"column":49},"end":{"line":60,"column":54}},"loc":{"start":{"line":60,"column":89},"end":{"line":76,"column":1}}},"4":{"name":"(anonymous_5)","decl":{"start":{"line":78,"column":39},"end":{"line":78,"column":44}},"loc":{"start":{"line":78,"column":62},"end":{"line":91,"column":1}}},"5":{"name":"(anonymous_6)","decl":{"start":{"line":93,"column":32},"end":{"line":93,"column":37}},"loc":{"start":{"line":93,"column":43},"end":{"line":105,"column":1}}},"6":{"name":"(anonymous_7)","decl":{"start":{"line":107,"column":30},"end":{"line":107,"column":35}},"loc":{"start":{"line":107,"column":41},"end":{"line":118,"column":1}}}},"branchMap":{"0":{"loc":{"start":{"line":11,"column":22},"end":{"line":11,"column":86}},"type":"cond-expr","locations":[{"start":{"line":11,"column":56},"end":{"line":11,"column":70}},{"start":{"line":11,"column":73},"end":{"line":11,"column":86}}]},"1":{"loc":{"start":{"line":12,"column":24},"end":{"line":12,"column":80}},"type":"cond-expr","locations":[{"start":{"line":12,"column":58},"end":{"line":12,"column":70}},{"start":{"line":12,"column":73},"end":{"line":12,"column":80}}]}},"s":{"0":1,"1":1,"2":1,"3":1,"4":1,"5":1,"6":1,"7":1,"8":1,"9":1,"10":1,"11":1,"12":1,"13":1,"14":0,"15":1,"16":1,"17":1,"18":1,"19":1,"20":1,"21":1,"22":1,"23":0,"24":1,"25":1,"26":1,"27":0,"28":0,"29":0,"30":0,"31":0,"32":0,"33":0,"34":0,"35":1,"36":1,"37":0,"38":0,"39":0,"40":0,"41":0,"42":0,"43":0,"44":0,"45":1,"46":1,"47":0,"48":0,"49":0,"50":0,"51":0,"52":0,"53":0,"54":0,"55":0,"56":1,"57":1,"58":0,"59":0,"60":0,"61":0,"62":0,"63":0,"64":0,"65":0,"66":1,"67":1,"68":1,"69":1,"70":1,"71":1,"72":1,"73":0,"74":1,"75":1},"f":{"0":1,"1":1,"2":0,"3":0,"4":0,"5":0,"6":1},"b":{"0":[1,0],"1":[1,0]}}
,"C:\\Users\\robin\\Desktop\\Proyectos-github\\social-app\\back-twitter\\src\\users\\users.router.ts": {"path":"C:\\Users\\robin\\Desktop\\Proyectos-github\\social-app\\back-twitter\\src\\users\\users.router.ts","statementMap":{"0":{"start":{"line":1,"column":0},"end":{"line":1,"column":29}},"1":{"start":{"line":2,"column":0},"end":{"line":2,"column":71}},"2":{"start":{"line":4,"column":15},"end":{"line":4,"column":31}},"3":{"start":{"line":6,"column":0},"end":{"line":8,"column":32}},"4":{"start":{"line":10,"column":0},"end":{"line":10,"column":null}}},"fnMap":{},"branchMap":{},"s":{"0":1,"1":1,"2":1,"3":1,"4":1},"f":{},"b":{}}
}
